{"/Users/n/code/hits/lib/hits.js":{"path":"/Users/n/code/hits/lib/hits.js","s":{"1":1,"2":1,"3":1,"4":1,"5":1,"6":1,"7":2,"8":2,"9":2,"10":2,"11":1,"12":1,"13":2,"14":2,"15":2,"16":2,"17":1,"18":1,"19":1,"20":1,"21":1,"22":1},"b":{"1":[1,1],"2":[2,1]},"f":{"1":2,"2":2,"3":1,"4":1},"fnMap":{"1":{"name":"add","line":12,"loc":{"start":{"line":12,"column":21},"end":{"line":12,"column":50}}},"2":{"name":"(anonymous_2)","line":25,"loc":{"start":{"line":25,"column":33},"end":{"line":25,"column":54}}},"3":{"name":"count","line":35,"loc":{"start":{"line":35,"column":23},"end":{"line":35,"column":54}}},"4":{"name":"(anonymous_4)","line":38,"loc":{"start":{"line":38,"column":24},"end":{"line":38,"column":43}}}},"statementMap":{"1":{"start":{"line":1,"column":0},"end":{"line":1,"column":35}},"2":{"start":{"line":2,"column":0},"end":{"line":2,"column":74}},"3":{"start":{"line":3,"column":0},"end":{"line":3,"column":55}},"4":{"start":{"line":4,"column":0},"end":{"line":4,"column":26}},"5":{"start":{"line":5,"column":0},"end":{"line":5,"column":35}},"6":{"start":{"line":12,"column":0},"end":{"line":28,"column":1}},"7":{"start":{"line":14,"column":2},"end":{"line":14,"column":56}},"8":{"start":{"line":15,"column":2},"end":{"line":15,"column":25}},"9":{"start":{"line":16,"column":2},"end":{"line":16,"column":41}},"10":{"start":{"line":17,"column":2},"end":{"line":21,"column":3}},"11":{"start":{"line":18,"column":4},"end":{"line":18,"column":52}},"12":{"start":{"line":20,"column":4},"end":{"line":20,"column":18}},"13":{"start":{"line":23,"column":2},"end":{"line":23,"column":68}},"14":{"start":{"line":24,"column":2},"end":{"line":24,"column":62}},"15":{"start":{"line":25,"column":2},"end":{"line":27,"column":5}},"16":{"start":{"line":26,"column":4},"end":{"line":26,"column":23}},"17":{"start":{"line":35,"column":0},"end":{"line":41,"column":1}},"18":{"start":{"line":36,"column":2},"end":{"line":36,"column":19}},"19":{"start":{"line":37,"column":2},"end":{"line":37,"column":48}},"20":{"start":{"line":38,"column":2},"end":{"line":40,"column":5}},"21":{"start":{"line":39,"column":4},"end":{"line":39,"column":24}},"22":{"start":{"line":44,"column":0},"end":{"line":44,"column":41}}},"branchMap":{"1":{"line":17,"type":"if","locations":[{"start":{"line":17,"column":2},"end":{"line":17,"column":2}},{"start":{"line":17,"column":2},"end":{"line":17,"column":2}}]},"2":{"line":17,"type":"binary-expr","locations":[{"start":{"line":17,"column":5},"end":{"line":17,"column":27}},{"start":{"line":17,"column":31},"end":{"line":17,"column":71}}]}}},"/Users/n/code/hits/lib/redis_config.js":{"path":"/Users/n/code/hits/lib/redis_config.js","s":{"1":1,"2":1,"3":2,"4":1,"5":1,"6":1,"7":1},"b":{"1":[1,1]},"f":{"1":2},"fnMap":{"1":{"name":"getConnection","line":3,"loc":{"start":{"line":3,"column":0},"end":{"line":3,"column":36}}}},"statementMap":{"1":{"start":{"line":1,"column":0},"end":{"line":1,"column":25}},"2":{"start":{"line":3,"column":0},"end":{"line":19,"column":1}},"3":{"start":{"line":4,"column":2},"end":{"line":18,"column":3}},"4":{"start":{"line":5,"column":4},"end":{"line":5,"column":57}},"5":{"start":{"line":6,"column":4},"end":{"line":10,"column":5}},"6":{"start":{"line":13,"column":4},"end":{"line":17,"column":5}},"7":{"start":{"line":21,"column":0},"end":{"line":21,"column":31}}},"branchMap":{"1":{"line":4,"type":"if","locations":[{"start":{"line":4,"column":2},"end":{"line":4,"column":2}},{"start":{"line":4,"column":2},"end":{"line":4,"column":2}}]}}}}