TN:
SF:/Users/n/code/hits/lib/hits.js
FN:12,add
FN:25,(anonymous_2)
FNF:2
FNH:2
FNDA:1,add
FNDA:1,(anonymous_2)
DA:1,1
DA:2,1
DA:3,1
DA:4,1
DA:5,1
DA:12,1
DA:13,1
DA:14,1
DA:15,1
DA:16,1
DA:17,1
DA:18,1
DA:20,0
DA:22,1
DA:23,1
DA:24,1
DA:25,1
DA:26,1
DA:30,1
LF:19
LH:18
BRDA:17,1,0,1
BRDA:17,1,1,0
BRDA:17,2,0,1
BRDA:17,2,1,1
BRF:4
BRH:3
end_of_record
TN:
SF:/Users/n/code/hits/lib/redis_config.js
FN:3,getConnection
FNF:1
FNH:1
FNDA:2,getConnection
DA:1,1
DA:3,1
DA:4,2
DA:5,1
DA:6,1
DA:13,1
DA:21,1
LF:7
LH:7
BRDA:4,1,0,1
BRDA:4,1,1,1
BRF:2
BRH:2
end_of_record
