TN:
SF:/Users/n/code/hits/lib/hits.js
FN:12,add
FN:25,(anonymous_2)
FN:35,count
FN:38,(anonymous_4)
FNF:4
FNH:4
FNDA:2,add
FNDA:2,(anonymous_2)
FNDA:1,count
FNDA:1,(anonymous_4)
DA:1,1
DA:2,1
DA:3,1
DA:4,1
DA:5,1
DA:12,1
DA:14,2
DA:15,2
DA:16,2
DA:17,2
DA:18,1
DA:20,1
DA:23,2
DA:24,2
DA:25,2
DA:26,2
DA:35,1
DA:36,1
DA:37,1
DA:38,1
DA:39,1
DA:44,1
LF:22
LH:22
BRDA:17,1,0,1
BRDA:17,1,1,1
BRDA:17,2,0,2
BRDA:17,2,1,1
BRF:4
BRH:4
end_of_record
TN:
SF:/Users/n/code/hits/lib/redis_config.js
FN:3,getConnection
FNF:1
FNH:1
FNDA:2,getConnection
DA:1,1
DA:3,1
DA:4,2
DA:5,1
DA:6,1
DA:13,1
DA:21,1
LF:7
LH:7
BRDA:4,1,0,1
BRDA:4,1,1,1
BRF:2
BRH:2
end_of_record
